[debug] [2023-06-11T13:03:15.359Z] ----------------------------------------------------------------------
[debug] [2023-06-11T13:03:15.365Z] Command:       C:\Program Files\nodejs\node.exe C:\Users\Tian Yehezkil\AppData\Roaming\npm\node_modules\firebase-tools\lib\bin\firebase.js init
[debug] [2023-06-11T13:03:15.366Z] CLI Version:   12.3.1
[debug] [2023-06-11T13:03:15.366Z] Platform:      win32
[debug] [2023-06-11T13:03:15.366Z] Node Version:  v18.16.0
[debug] [2023-06-11T13:03:15.367Z] Time:          Sun Jun 11 2023 20:03:15 GMT+0700 (Indochina Time)
[debug] [2023-06-11T13:03:15.368Z] ----------------------------------------------------------------------
[debug] 
[debug] [2023-06-11T13:03:15.375Z] > command requires scopes: ["email","openid","https://www.googleapis.com/auth/cloudplatformprojects.readonly","https://www.googleapis.com/auth/firebase","https://www.googleapis.com/auth/cloud-platform"]
[debug] [2023-06-11T13:03:15.376Z] > authorizing via signed-in user (tiantomm@gmail.com)
[info] 
     ######## #### ########  ######## ########     ###     ######  ########
     ##        ##  ##     ## ##       ##     ##  ##   ##  ##       ##
     ######    ##  ########  ######   ########  #########  ######  ######
     ##        ##  ##    ##  ##       ##     ## ##     ##       ## ##
     ##       #### ##     ## ######## ########  ##     ##  ######  ########

You're about to initialize a Firebase project in this directory:

  C:\Users\Tian Yehezkil\Documents\WWLaaravel\Website PA_1\alusitol

[info] 
=== Project Setup
[info] 
[info] First, let's associate this project directory with a Firebase project.
[info] You can create multiple project aliases by running firebase use --add, 
[info] but for now we'll just set up a default project.
[info] 
[debug] [2023-06-11T13:04:16.488Z] > refreshing access token with scopes: []
[debug] [2023-06-11T13:04:16.491Z] >>> [apiv2][query] POST https://www.googleapis.com/oauth2/v3/token [none]
[debug] [2023-06-11T13:04:16.491Z] >>> [apiv2][body] POST https://www.googleapis.com/oauth2/v3/token [omitted]
[debug] [2023-06-11T13:04:16.821Z] <<< [apiv2][status] POST https://www.googleapis.com/oauth2/v3/token 200
[debug] [2023-06-11T13:04:16.822Z] <<< [apiv2][body] POST https://www.googleapis.com/oauth2/v3/token [omitted]
[debug] [2023-06-11T13:04:16.829Z] >>> [apiv2][query] GET https://firebase.googleapis.com/v1beta1/projects pageSize=100
[debug] [2023-06-11T13:04:17.643Z] <<< [apiv2][status] GET https://firebase.googleapis.com/v1beta1/projects 200
[debug] [2023-06-11T13:04:17.643Z] <<< [apiv2][body] GET https://firebase.googleapis.com/v1beta1/projects [omitted]
[info] i  Using project alusitol (alusitol) 
[info] 
=== Hosting Setup
[info] 
[info] Your public directory is the folder (relative to your project directory) that
[info] will contain Hosting assets to be uploaded with firebase deploy. If you
[info] have a build process for your assets, use your build's output directory.
[info] 
[info] +  Wrote public/404.html 
[debug] [2023-06-11T13:04:34.386Z] >>> [apiv2][query] GET https://www.gstatic.com/firebasejs/releases.json [none]
[debug] [2023-06-11T13:04:34.668Z] <<< [apiv2][status] GET https://www.gstatic.com/firebasejs/releases.json 200
[debug] [2023-06-11T13:04:34.669Z] <<< [apiv2][body] GET https://www.gstatic.com/firebasejs/releases.json {"current":{"version":"9.22.2","browserURL":"https://www.gstatic.com/firebasejs/9.22.2/firebase.js","packageURL":"https://www.gstatic.com/firebasejs/9.22.2/firebase.tgz"},"live":{"version":"9.22","browserURL":"https://www.gstatic.com/firebasejs/live/9.22/firebase.js","packageURL":"https://www.gstatic.com/firebasejs/live/9.22/firebase.tgz"},"components":{"analytics":"https://www.gstatic.com/firebasejs/9.22.2/firebase-analytics.js","app":"https://www.gstatic.com/firebasejs/9.22.2/firebase-app.js","app-check":"https://www.gstatic.com/firebasejs/9.22.2/firebase-app-check.js","auth":"https://www.gstatic.com/firebasejs/9.22.2/firebase-auth.js","auth/cordova":"https://www.gstatic.com/firebasejs/9.22.2/firebase-auth/cordova.js","auth/react-native":"https://www.gstatic.com/firebasejs/9.22.2/firebase-auth/react-native.js","functions":"https://www.gstatic.com/firebasejs/9.22.2/firebase-functions.js","firestore":"https://www.gstatic.com/firebasejs/9.22.2/firebase-firestore.js","firestore/lite":"https://www.gstatic.com/firebasejs/9.22.2/firebase-firestore/lite.js","installations":"https://www.gstatic.com/firebasejs/9.22.2/firebase-installations.js","storage":"https://www.gstatic.com/firebasejs/9.22.2/firebase-storage.js","performance":"https://www.gstatic.com/firebasejs/9.22.2/firebase-performance.js","remote-config":"https://www.gstatic.com/firebasejs/9.22.2/firebase-remote-config.js","messaging":"https://www.gstatic.com/firebasejs/9.22.2/firebase-messaging.js","messaging/sw":"https://www.gstatic.com/firebasejs/9.22.2/firebase-messaging/sw.js","database":"https://www.gstatic.com/firebasejs/9.22.2/firebase-database.js","firestore.memory":"https://www.gstatic.com/firebasejs/9.22.2/firebase-firestore.memory.js"}}
[info] i  Skipping write of public/index.html 
[info] 
[info] i  Detected a .git folder at C:\Users\Tian Yehezkil\Documents\WWLaaravel\Website PA_1\alusitol 
[info] i  Authorizing with GitHub to upload your service account to a GitHub repository's secrets store. 
[info] 
[info] Visit this URL on this device to log in:
[info] https://github.com/login/oauth/authorize?client_id=89cf50f02ac6aaed3484&state=354433024&redirect_uri=http%3A%2F%2Flocalhost%3A9005&scope=read%3Auser%20repo%20public_repo
[info] 
[info] Waiting for authentication...
[debug] [2023-06-11T13:04:52.117Z] >>> [apiv2][query] POST https://github.com/login/oauth/access_token [none]
[debug] [2023-06-11T13:04:52.118Z] >>> [apiv2][body] POST https://github.com/login/oauth/access_token [stream]
[debug] [2023-06-11T13:04:52.675Z] <<< [apiv2][status] POST https://github.com/login/oauth/access_token 200
[debug] [2023-06-11T13:04:52.676Z] <<< [apiv2][body] POST https://github.com/login/oauth/access_token {"access_token":"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","token_type":"bearer","scope":"read:user,repo"}
[debug] [2023-06-11T13:04:52.707Z] >>> [apiv2][query] GET https://api.github.com/user [none]
[debug] [2023-06-11T13:04:53.283Z] <<< [apiv2][status] GET https://api.github.com/user 200
[debug] [2023-06-11T13:04:53.284Z] <<< [apiv2][body] GET https://api.github.com/user {"login":"T0MM11Y","id":111845869,"node_id":"U_kgDOBqqh7Q","avatar_url":"https://avatars.githubusercontent.com/u/111845869?v=4","gravatar_id":"","url":"https://api.github.com/users/T0MM11Y","html_url":"https://github.com/T0MM11Y","followers_url":"https://api.github.com/users/T0MM11Y/followers","following_url":"https://api.github.com/users/T0MM11Y/following{/other_user}","gists_url":"https://api.github.com/users/T0MM11Y/gists{/gist_id}","starred_url":"https://api.github.com/users/T0MM11Y/starred{/owner}{/repo}","subscriptions_url":"https://api.github.com/users/T0MM11Y/subscriptions","organizations_url":"https://api.github.com/users/T0MM11Y/orgs","repos_url":"https://api.github.com/users/T0MM11Y/repos","events_url":"https://api.github.com/users/T0MM11Y/events{/privacy}","received_events_url":"https://api.github.com/users/T0MM11Y/received_events","type":"User","site_admin":false,"name":"Christian Yehezkil Gultom","company":null,"blog":"","location":null,"email":null,"hireable":null,"bio":"Alone Just Alone ","twitter_username":null,"public_repos":3,"public_gists":0,"followers":3,"following":0,"created_at":"2022-08-23T06:05:00Z","updated_at":"2023-05-21T13:07:50Z","private_gists":0,"total_private_repos":0,"owned_private_repos":0,"disk_usage":68,"collaborators":0,"two_factor_authentication":false,"plan":{"name":"pro","space":976562499,"collaborators":0,"private_repos":9999}}
[info] 
[info] +  Success! Logged into GitHub as T0MM11Y 
[info] 
[debug] [2023-06-11T13:05:02.953Z] >>> [apiv2][query] GET https://api.github.com/repos/repository/actions/secrets/public-key type=owner
[debug] [2023-06-11T13:05:03.511Z] <<< [apiv2][status] GET https://api.github.com/repos/repository/actions/secrets/public-key 404
[debug] [2023-06-11T13:05:03.511Z] <<< [apiv2][body] GET https://api.github.com/repos/repository/actions/secrets/public-key {"message":"Not Found","documentation_url":"https://docs.github.com/rest"}
[info] 
[info] 
[error] !  The provided authorization cannot be used with this repository. If this repository is in an organization, did you remember to grant access? 
[info] 
[info] i  Action required: Visit this URL to ensure access has been granted to the appropriate organization(s) for the Firebase CLI GitHub OAuth App: 
[info] https://github.com/settings/connections/applications/89cf50f02ac6aaed3484
[info] 
